2023-04-23T19:04:47.963+05:30  INFO 14240 --- [main] c.assign.StudentassignmentApplication    : Starting StudentassignmentApplication using Java 17.0.6 with PID 14240 (F:\STS-MARCH2023\sts-4.17.2.RELEASE\PROJECTS\studentassignment\target\classes started by Acer in F:\STS-MARCH2023\sts-4.17.2.RELEASE\PROJECTS\studentassignment)
2023-04-23T19:04:47.965+05:30  INFO 14240 --- [main] c.assign.StudentassignmentApplication    : No active profile set, falling back to 1 default profile: "default"
2023-04-23T19:04:48.539+05:30  INFO 14240 --- [main] .s.d.r.c.RepositoryConfigurationDelegate : Bootstrapping Spring Data JPA repositories in DEFAULT mode.
2023-04-23T19:04:48.595+05:30  INFO 14240 --- [main] .s.d.r.c.RepositoryConfigurationDelegate : Finished Spring Data repository scanning in 44 ms. Found 1 JPA repository interfaces.
2023-04-23T19:04:48.984+05:30  INFO 14240 --- [main] o.s.b.w.embedded.tomcat.TomcatWebServer  : Tomcat initialized with port(s): 10000 (http)
2023-04-23T19:04:48.991+05:30  INFO 14240 --- [main] o.apache.catalina.core.StandardService   : Starting service [Tomcat]
2023-04-23T19:04:48.991+05:30  INFO 14240 --- [main] o.apache.catalina.core.StandardEngine    : Starting Servlet engine: [Apache Tomcat/10.1.8]
2023-04-23T19:04:49.144+05:30  INFO 14240 --- [main] o.a.c.c.C.[Tomcat].[localhost].[/]       : Initializing Spring embedded WebApplicationContext
2023-04-23T19:04:49.144+05:30  INFO 14240 --- [main] w.s.c.ServletWebServerApplicationContext : Root WebApplicationContext: initialization completed in 1134 ms
2023-04-23T19:04:49.180+05:30  INFO 14240 --- [main] com.zaxxer.hikari.HikariDataSource       : HikariPool-1 - Starting...
2023-04-23T19:04:49.314+05:30  INFO 14240 --- [main] com.zaxxer.hikari.pool.HikariPool        : HikariPool-1 - Added connection conn0: url=jdbc:h2:mem:sonali user=SA
2023-04-23T19:04:49.316+05:30  INFO 14240 --- [main] com.zaxxer.hikari.HikariDataSource       : HikariPool-1 - Start completed.
2023-04-23T19:04:49.328+05:30  INFO 14240 --- [main] o.s.b.a.h2.H2ConsoleAutoConfiguration    : H2 console available at '/h2amitava'. Database available at 'jdbc:h2:mem:sonali'
2023-04-23T19:04:49.416+05:30  INFO 14240 --- [main] o.hibernate.jpa.internal.util.LogHelper  : HHH000204: Processing PersistenceUnitInfo [name: default]
2023-04-23T19:04:49.447+05:30  INFO 14240 --- [main] org.hibernate.Version                    : HHH000412: Hibernate ORM core version 6.1.7.Final
2023-04-23T19:04:49.646+05:30  INFO 14240 --- [main] SQL dialect                              : HHH000400: Using dialect: org.hibernate.dialect.H2Dialect
2023-04-23T19:04:50.126+05:30  INFO 14240 --- [main] o.h.e.t.j.p.i.JtaPlatformInitiator       : HHH000490: Using JtaPlatform implementation: [org.hibernate.engine.transaction.jta.platform.internal.NoJtaPlatform]
2023-04-23T19:04:50.133+05:30  INFO 14240 --- [main] j.LocalContainerEntityManagerFactoryBean : Initialized JPA EntityManagerFactory for persistence unit 'default'
2023-04-23T19:04:50.310+05:30  WARN 14240 --- [main] JpaBaseConfiguration$JpaWebConfiguration : spring.jpa.open-in-view is enabled by default. Therefore, database queries may be performed during view rendering. Explicitly configure spring.jpa.open-in-view to disable this warning
2023-04-23T19:04:50.549+05:30  INFO 14240 --- [main] o.s.b.w.embedded.tomcat.TomcatWebServer  : Tomcat started on port(s): 10000 (http) with context path ''
2023-04-23T19:04:50.558+05:30  INFO 14240 --- [main] c.assign.StudentassignmentApplication    : Started StudentassignmentApplication in 3.099 seconds (process running for 4.059)
2023-04-23T19:05:01.272+05:30  INFO 14240 --- [http-nio-10000-exec-2] o.a.c.c.C.[Tomcat].[localhost].[/]       : Initializing Spring DispatcherServlet 'dispatcherServlet'
2023-04-23T19:05:01.280+05:30  INFO 14240 --- [http-nio-10000-exec-2] o.s.web.servlet.DispatcherServlet        : Initializing Servlet 'dispatcherServlet'
2023-04-23T19:05:01.280+05:30  INFO 14240 --- [http-nio-10000-exec-2] o.s.web.servlet.DispatcherServlet        : Completed initialization in 0 ms
2023-04-23T19:05:01.321+05:30  WARN 14240 --- [http-nio-10000-exec-2] .w.s.m.s.DefaultHandlerExceptionResolver : Resolved [org.springframework.web.HttpRequestMethodNotSupportedException: Request method 'GET' is not supported]
2023-04-23T19:05:37.128+05:30  INFO 14240 --- [RMI TCP Connection(10)-127.0.0.1] inMXBeanRegistrar$SpringApplicationAdmin : Application shutdown requested.
2023-04-23T19:05:37.148+05:30  INFO 14240 --- [RMI TCP Connection(10)-127.0.0.1] o.apache.catalina.core.StandardService   : Stopping service [Tomcat]
2023-04-23T19:05:37.149+05:30  INFO 14240 --- [RMI TCP Connection(10)-127.0.0.1] o.a.c.c.C.[Tomcat].[localhost].[/]       : Destroying Spring FrameworkServlet 'dispatcherServlet'
2023-04-23T19:05:37.157+05:30  INFO 14240 --- [RMI TCP Connection(10)-127.0.0.1] j.LocalContainerEntityManagerFactoryBean : Closing JPA EntityManagerFactory for persistence unit 'default'
2023-04-23T19:05:37.159+05:30  INFO 14240 --- [RMI TCP Connection(10)-127.0.0.1] com.zaxxer.hikari.HikariDataSource       : HikariPool-1 - Shutdown initiated...
2023-04-23T19:05:37.162+05:30  INFO 14240 --- [RMI TCP Connection(10)-127.0.0.1] com.zaxxer.hikari.HikariDataSource       : HikariPool-1 - Shutdown completed.
2023-04-23T19:06:14.477+05:30  INFO 11080 --- [main] c.assign.StudentassignmentApplication    : Starting StudentassignmentApplication using Java 17.0.6 with PID 11080 (F:\STS-MARCH2023\sts-4.17.2.RELEASE\PROJECTS\studentassignment\target\classes started by Acer in F:\STS-MARCH2023\sts-4.17.2.RELEASE\PROJECTS\studentassignment)
2023-04-23T19:06:14.480+05:30  INFO 11080 --- [main] c.assign.StudentassignmentApplication    : No active profile set, falling back to 1 default profile: "default"
2023-04-23T19:06:15.020+05:30  INFO 11080 --- [main] .s.d.r.c.RepositoryConfigurationDelegate : Bootstrapping Spring Data JPA repositories in DEFAULT mode.
2023-04-23T19:06:15.067+05:30  INFO 11080 --- [main] .s.d.r.c.RepositoryConfigurationDelegate : Finished Spring Data repository scanning in 38 ms. Found 1 JPA repository interfaces.
2023-04-23T19:06:15.425+05:30  INFO 11080 --- [main] o.s.b.w.embedded.tomcat.TomcatWebServer  : Tomcat initialized with port(s): 10000 (http)
2023-04-23T19:06:15.433+05:30  INFO 11080 --- [main] o.apache.catalina.core.StandardService   : Starting service [Tomcat]
2023-04-23T19:06:15.434+05:30  INFO 11080 --- [main] o.apache.catalina.core.StandardEngine    : Starting Servlet engine: [Apache Tomcat/10.1.8]
2023-04-23T19:06:15.518+05:30  INFO 11080 --- [main] o.a.c.c.C.[Tomcat].[localhost].[/]       : Initializing Spring embedded WebApplicationContext
2023-04-23T19:06:15.519+05:30  INFO 11080 --- [main] w.s.c.ServletWebServerApplicationContext : Root WebApplicationContext: initialization completed in 990 ms
2023-04-23T19:06:15.550+05:30  INFO 11080 --- [main] com.zaxxer.hikari.HikariDataSource       : HikariPool-1 - Starting...
2023-04-23T19:06:15.692+05:30  INFO 11080 --- [main] com.zaxxer.hikari.pool.HikariPool        : HikariPool-1 - Added connection conn0: url=jdbc:h2:mem:sonali user=SA
2023-04-23T19:06:15.693+05:30  INFO 11080 --- [main] com.zaxxer.hikari.HikariDataSource       : HikariPool-1 - Start completed.
2023-04-23T19:06:15.704+05:30  INFO 11080 --- [main] o.s.b.a.h2.H2ConsoleAutoConfiguration    : H2 console available at '/h2amitava'. Database available at 'jdbc:h2:mem:sonali'
2023-04-23T19:06:15.795+05:30  INFO 11080 --- [main] o.hibernate.jpa.internal.util.LogHelper  : HHH000204: Processing PersistenceUnitInfo [name: default]
2023-04-23T19:06:15.827+05:30  INFO 11080 --- [main] org.hibernate.Version                    : HHH000412: Hibernate ORM core version 6.1.7.Final
2023-04-23T19:06:16.011+05:30  INFO 11080 --- [main] SQL dialect                              : HHH000400: Using dialect: org.hibernate.dialect.H2Dialect
2023-04-23T19:06:16.489+05:30  INFO 11080 --- [main] o.h.e.t.j.p.i.JtaPlatformInitiator       : HHH000490: Using JtaPlatform implementation: [org.hibernate.engine.transaction.jta.platform.internal.NoJtaPlatform]
2023-04-23T19:06:16.495+05:30  INFO 11080 --- [main] j.LocalContainerEntityManagerFactoryBean : Initialized JPA EntityManagerFactory for persistence unit 'default'
2023-04-23T19:06:16.683+05:30  WARN 11080 --- [main] JpaBaseConfiguration$JpaWebConfiguration : spring.jpa.open-in-view is enabled by default. Therefore, database queries may be performed during view rendering. Explicitly configure spring.jpa.open-in-view to disable this warning
2023-04-23T19:06:16.910+05:30  INFO 11080 --- [main] o.s.b.w.embedded.tomcat.TomcatWebServer  : Tomcat started on port(s): 10000 (http) with context path ''
2023-04-23T19:06:16.917+05:30  INFO 11080 --- [main] c.assign.StudentassignmentApplication    : Started StudentassignmentApplication in 2.814 seconds (process running for 3.39)
2023-04-23T19:06:27.817+05:30  INFO 11080 --- [http-nio-10000-exec-1] o.a.c.c.C.[Tomcat].[localhost].[/]       : Initializing Spring DispatcherServlet 'dispatcherServlet'
2023-04-23T19:06:27.824+05:30  INFO 11080 --- [http-nio-10000-exec-1] o.s.web.servlet.DispatcherServlet        : Initializing Servlet 'dispatcherServlet'
2023-04-23T19:06:27.824+05:30  INFO 11080 --- [http-nio-10000-exec-1] o.s.web.servlet.DispatcherServlet        : Completed initialization in 0 ms
2023-04-23T19:06:27.864+05:30  WARN 11080 --- [http-nio-10000-exec-1] .w.s.m.s.DefaultHandlerExceptionResolver : Resolved [org.springframework.web.HttpRequestMethodNotSupportedException: Request method 'GET' is not supported]
2023-04-23T19:07:36.163+05:30  INFO 11080 --- [RMI TCP Connection(11)-127.0.0.1] inMXBeanRegistrar$SpringApplicationAdmin : Application shutdown requested.
2023-04-23T19:07:36.183+05:30  INFO 11080 --- [RMI TCP Connection(11)-127.0.0.1] o.apache.catalina.core.StandardService   : Stopping service [Tomcat]
2023-04-23T19:07:36.183+05:30  INFO 11080 --- [RMI TCP Connection(11)-127.0.0.1] o.a.c.c.C.[Tomcat].[localhost].[/]       : Destroying Spring FrameworkServlet 'dispatcherServlet'
2023-04-23T19:07:36.188+05:30  INFO 11080 --- [RMI TCP Connection(11)-127.0.0.1] j.LocalContainerEntityManagerFactoryBean : Closing JPA EntityManagerFactory for persistence unit 'default'
2023-04-23T19:07:36.190+05:30  INFO 11080 --- [RMI TCP Connection(11)-127.0.0.1] com.zaxxer.hikari.HikariDataSource       : HikariPool-1 - Shutdown initiated...
2023-04-23T19:07:36.192+05:30  INFO 11080 --- [RMI TCP Connection(11)-127.0.0.1] com.zaxxer.hikari.HikariDataSource       : HikariPool-1 - Shutdown completed.
2023-04-23T19:08:07.104+05:30  INFO 5132 --- [main] c.assign.StudentassignmentApplication    : Starting StudentassignmentApplication using Java 17.0.6 with PID 5132 (F:\STS-MARCH2023\sts-4.17.2.RELEASE\PROJECTS\studentassignment\target\classes started by Acer in F:\STS-MARCH2023\sts-4.17.2.RELEASE\PROJECTS\studentassignment)
2023-04-23T19:08:07.106+05:30  INFO 5132 --- [main] c.assign.StudentassignmentApplication    : No active profile set, falling back to 1 default profile: "default"
2023-04-23T19:08:07.595+05:30  INFO 5132 --- [main] .s.d.r.c.RepositoryConfigurationDelegate : Bootstrapping Spring Data JPA repositories in DEFAULT mode.
2023-04-23T19:08:07.645+05:30  INFO 5132 --- [main] .s.d.r.c.RepositoryConfigurationDelegate : Finished Spring Data repository scanning in 41 ms. Found 1 JPA repository interfaces.
2023-04-23T19:08:07.991+05:30  INFO 5132 --- [main] o.s.b.w.embedded.tomcat.TomcatWebServer  : Tomcat initialized with port(s): 10000 (http)
2023-04-23T19:08:08.000+05:30  INFO 5132 --- [main] o.apache.catalina.core.StandardService   : Starting service [Tomcat]
2023-04-23T19:08:08.001+05:30  INFO 5132 --- [main] o.apache.catalina.core.StandardEngine    : Starting Servlet engine: [Apache Tomcat/10.1.8]
2023-04-23T19:08:08.089+05:30  INFO 5132 --- [main] o.a.c.c.C.[Tomcat].[localhost].[/]       : Initializing Spring embedded WebApplicationContext
2023-04-23T19:08:08.090+05:30  INFO 5132 --- [main] w.s.c.ServletWebServerApplicationContext : Root WebApplicationContext: initialization completed in 939 ms
2023-04-23T19:08:08.131+05:30  INFO 5132 --- [main] com.zaxxer.hikari.HikariDataSource       : HikariPool-1 - Starting...
2023-04-23T19:08:08.259+05:30  INFO 5132 --- [main] com.zaxxer.hikari.pool.HikariPool        : HikariPool-1 - Added connection conn0: url=jdbc:h2:mem:sonali user=SA
2023-04-23T19:08:08.260+05:30  INFO 5132 --- [main] com.zaxxer.hikari.HikariDataSource       : HikariPool-1 - Start completed.
2023-04-23T19:08:08.269+05:30  INFO 5132 --- [main] o.s.b.a.h2.H2ConsoleAutoConfiguration    : H2 console available at '/h2amitava'. Database available at 'jdbc:h2:mem:sonali'
2023-04-23T19:08:08.351+05:30  INFO 5132 --- [main] o.hibernate.jpa.internal.util.LogHelper  : HHH000204: Processing PersistenceUnitInfo [name: default]
2023-04-23T19:08:08.382+05:30  INFO 5132 --- [main] org.hibernate.Version                    : HHH000412: Hibernate ORM core version 6.1.7.Final
2023-04-23T19:08:08.585+05:30  INFO 5132 --- [main] SQL dialect                              : HHH000400: Using dialect: org.hibernate.dialect.H2Dialect
2023-04-23T19:08:09.068+05:30  INFO 5132 --- [main] o.h.e.t.j.p.i.JtaPlatformInitiator       : HHH000490: Using JtaPlatform implementation: [org.hibernate.engine.transaction.jta.platform.internal.NoJtaPlatform]
2023-04-23T19:08:09.075+05:30  INFO 5132 --- [main] j.LocalContainerEntityManagerFactoryBean : Initialized JPA EntityManagerFactory for persistence unit 'default'
2023-04-23T19:08:09.264+05:30  WARN 5132 --- [main] JpaBaseConfiguration$JpaWebConfiguration : spring.jpa.open-in-view is enabled by default. Therefore, database queries may be performed during view rendering. Explicitly configure spring.jpa.open-in-view to disable this warning
2023-04-23T19:08:09.534+05:30  INFO 5132 --- [main] o.s.b.w.embedded.tomcat.TomcatWebServer  : Tomcat started on port(s): 10000 (http) with context path ''
2023-04-23T19:08:09.542+05:30  INFO 5132 --- [main] c.assign.StudentassignmentApplication    : Started StudentassignmentApplication in 2.924 seconds (process running for 3.557)
2023-04-23T19:08:14.558+05:30  INFO 5132 --- [http-nio-10000-exec-4] o.a.c.c.C.[Tomcat].[localhost].[/]       : Initializing Spring DispatcherServlet 'dispatcherServlet'
2023-04-23T19:08:14.558+05:30  INFO 5132 --- [http-nio-10000-exec-4] o.s.web.servlet.DispatcherServlet        : Initializing Servlet 'dispatcherServlet'
2023-04-23T19:08:14.559+05:30  INFO 5132 --- [http-nio-10000-exec-4] o.s.web.servlet.DispatcherServlet        : Completed initialization in 1 ms
